<?xml version="1.0" encoding="UTF-8"?>
<!-- Generated by org.testng.reporters.JUnitReportReporter -->
<testsuite hostname="DESKTOP-GTM5910" failures="0" tests="2" name="testStandard.API_Login" time="2.230" errors="0" timestamp="2024-02-06T13:56:27 IST" skipped="0">
  <testcase classname="testStandard.API_Login" name="logintoJira" time="1.390"/>
  <testcase classname="testStandard.API_Login" name="createUserstory" time="0.840"/>
</testsuite> <!-- testStandard.API_Login -->
