<?xml version="1.0" encoding="UTF-8"?>
<!-- Generated by org.testng.reporters.JUnitReportReporter -->
<testsuite hostname="DESKTOP-GTM5910" failures="0" tests="4" name="test.API_login" time="1.687" errors="0" timestamp="2024-02-06T08:26:30 IST" skipped="0">
  <testcase classname="test.API_login" name="logintoJira" time="1.335"/>
  <testcase classname="test.API_login" name="createUserstory" time="0.139"/>
  <testcase classname="test.API_login" name="getUserStory" time="0.060"/>
  <testcase classname="test.API_login" name="updateUserStory" time="0.153"/>
</testsuite> <!-- test.API_login -->
