<?xml version="1.0" encoding="UTF-8"?>
<!-- Generated by org.testng.reporters.JUnitReportReporter -->
<testsuite hostname="DESKTOP-GTM5910" failures="0" tests="2" name="testAdvance.API_Login" time="1.824" errors="0" timestamp="2024-02-06T20:20:31 IST" skipped="0">
  <testcase classname="testAdvance.API_Login" name="login" time="1.507"/>
  <testcase classname="testAdvance.API_Login" name="createBug" time="0.317"/>
</testsuite> <!-- testAdvance.API_Login -->
